<?xml version="1.0" encoding="UTF-8"?>
<coverage generated="1782319901009" clover="3.2.0">
  <project timestamp="1782319901009" name="All files">
    <metrics statements="120" coveredstatements="117" conditionals="67" coveredconditionals="59" methods="30" coveredmethods="29" elements="217" coveredelements="205" complexity="0" loc="120" ncloc="120" packages="3" files="7" classes="7"/>
    <package name="components">
      <metrics statements="12" coveredstatements="12" conditionals="22" coveredconditionals="19" methods="5" coveredmethods="5"/>
      <file name="Button.tsx" path="C:\Users\nelar\work\flashcards\src\components\Button.tsx">
        <metrics statements="6" coveredstatements="6" conditionals="20" coveredconditionals="18" methods="2" coveredmethods="2"/>
        <line num="27" count="28" type="stmt"/>
        <line num="28" count="28" type="cond" truecount="5" falsecount="1"/>
        <line num="29" count="28" type="cond" truecount="2" falsecount="0"/>
        <line num="31" count="28" type="stmt"/>
        <line num="35" count="28" type="stmt"/>
        <line num="53" count="2" type="stmt"/>
      </file>
      <file name="SpeakerButton.tsx" path="C:\Users\nelar\work\flashcards\src\components\SpeakerButton.tsx">
        <metrics statements="6" coveredstatements="6" conditionals="2" coveredconditionals="1" methods="3" coveredmethods="3"/>
        <line num="20" count="2" type="stmt"/>
        <line num="21" count="2" type="stmt"/>
        <line num="22" count="1" type="stmt"/>
        <line num="28" count="2" type="stmt"/>
        <line num="34" count="2" type="cond" truecount="1" falsecount="1"/>
        <line num="41" count="1" type="stmt"/>
      </file>
    </package>
    <package name="db">
      <metrics statements="57" coveredstatements="57" conditionals="12" coveredconditionals="11" methods="20" coveredmethods="20"/>
      <file name="cards.ts" path="C:\Users\nelar\work\flashcards\src\db\cards.ts">
        <metrics statements="37" coveredstatements="37" conditionals="10" coveredconditionals="9" methods="13" coveredmethods="13"/>
        <line num="19" count="26" type="stmt"/>
        <line num="20" count="26" type="stmt"/>
        <line num="24" count="14" type="cond" truecount="4" falsecount="0"/>
        <line num="26" count="2" type="stmt"/>
        <line num="28" count="4" type="stmt"/>
        <line num="30" count="4" type="stmt"/>
        <line num="32" count="4" type="stmt"/>
        <line num="37" count="8" type="stmt"/>
        <line num="38" count="8" type="stmt"/>
        <line num="45" count="5" type="stmt"/>
        <line num="46" count="5" type="stmt"/>
        <line num="50" count="21" type="stmt"/>
        <line num="51" count="21" type="stmt"/>
        <line num="58" count="21" type="stmt"/>
        <line num="62" count="1" type="stmt"/>
        <line num="63" count="1" type="stmt"/>
        <line num="72" count="1" type="stmt"/>
        <line num="73" count="1" type="stmt"/>
        <line num="78" count="4" type="stmt"/>
        <line num="79" count="4" type="stmt"/>
        <line num="84" count="4" type="cond" truecount="1" falsecount="1"/>
        <line num="89" count="2" type="stmt"/>
        <line num="90" count="2" type="stmt"/>
        <line num="100" count="4" type="stmt"/>
        <line num="101" count="4" type="stmt"/>
        <line num="106" count="2" type="cond" truecount="2" falsecount="0"/>
        <line num="107" count="1" type="stmt"/>
        <line num="108" count="1" type="stmt"/>
        <line num="109" count="1" type="stmt"/>
        <line num="110" count="2" type="stmt"/>
        <line num="120" count="2" type="cond" truecount="2" falsecount="0"/>
        <line num="121" count="1" type="stmt"/>
        <line num="122" count="1" type="stmt"/>
        <line num="123" count="1" type="stmt"/>
        <line num="124" count="1" type="stmt"/>
        <line num="125" count="2" type="stmt"/>
        <line num="134" count="1" type="stmt"/>
      </file>
      <file name="database.ts" path="C:\Users\nelar\work\flashcards\src\db\database.ts">
        <metrics statements="8" coveredstatements="8" conditionals="2" coveredconditionals="2" methods="2" coveredmethods="2"/>
        <line num="3" count="27" type="stmt"/>
        <line num="5" count="27" type="stmt"/>
        <line num="12" count="89" type="cond" truecount="2" falsecount="0"/>
        <line num="13" count="24" type="stmt"/>
        <line num="15" count="89" type="stmt"/>
        <line num="19" count="24" type="stmt"/>
        <line num="20" count="24" type="stmt"/>
        <line num="41" count="24" type="stmt"/>
      </file>
      <file name="decks.ts" path="C:\Users\nelar\work\flashcards\src\db\decks.ts">
        <metrics statements="12" coveredstatements="12" conditionals="0" coveredconditionals="0" methods="5" coveredmethods="5"/>
        <line num="17" count="6" type="stmt"/>
        <line num="18" count="6" type="stmt"/>
        <line num="19" count="6" type="stmt"/>
        <line num="32" count="4" type="stmt"/>
        <line num="33" count="4" type="stmt"/>
        <line num="37" count="23" type="stmt"/>
        <line num="38" count="23" type="stmt"/>
        <line num="43" count="23" type="stmt"/>
        <line num="47" count="1" type="stmt"/>
        <line num="48" count="1" type="stmt"/>
        <line num="52" count="1" type="stmt"/>
        <line num="54" count="1" type="stmt"/>
      </file>
    </package>
    <package name="lib">
      <metrics statements="51" coveredstatements="48" conditionals="33" coveredconditionals="29" methods="5" coveredmethods="4"/>
      <file name="backup.ts" path="C:\Users\nelar\work\flashcards\src\lib\backup.ts">
        <metrics statements="40" coveredstatements="37" conditionals="27" coveredconditionals="23" methods="4" coveredmethods="3"/>
        <line num="13" count="8" type="stmt"/>
        <line num="39" count="1" type="stmt"/>
        <line num="40" count="1" type="stmt"/>
        <line num="44" count="1" type="stmt"/>
        <line num="45" count="1" type="stmt"/>
        <line num="46" count="1" type="stmt"/>
        <line num="47" count="2" type="stmt"/>
        <line num="51" count="2" type="stmt"/>
        <line num="52" count="2" type="stmt"/>
        <line num="55" count="1" type="stmt"/>
        <line num="57" count="1" type="stmt"/>
        <line num="58" count="1" type="stmt"/>
        <line num="59" count="1" type="cond" truecount="1" falsecount="1"/>
        <line num="60" count="1" type="stmt"/>
        <line num="61" count="1" type="stmt"/>
        <line num="63" count="1" type="stmt"/>
        <line num="68" count="0" type="cond" truecount="0" falsecount="2"/>
        <line num="69" count="0" type="stmt"/>
        <line num="73" count="0" type="stmt"/>
        <line num="83" count="8" type="stmt"/>
        <line num="84" count="8" type="stmt"/>
        <line num="86" count="1" type="stmt"/>
        <line num="88" count="7" type="cond" truecount="4" falsecount="0"/>
        <line num="89" count="2" type="stmt"/>
        <line num="92" count="5" type="stmt"/>
        <line num="93" count="5" type="stmt"/>
        <line num="94" count="5" type="stmt"/>
        <line num="95" count="5" type="stmt"/>
        <line num="97" count="5" type="stmt"/>
        <line num="98" count="5" type="stmt"/>
        <line num="99" count="8" type="cond" truecount="4" falsecount="0"/>
        <line num="100" count="6" type="stmt"/>
        <line num="105" count="6" type="stmt"/>
        <line num="106" count="6" type="stmt"/>
        <line num="108" count="6" type="cond" truecount="1" falsecount="1"/>
        <line num="109" count="6" type="stmt"/>
        <line num="110" count="8" type="cond" truecount="5" falsecount="0"/>
        <line num="111" count="6" type="stmt"/>
        <line num="119" count="6" type="stmt"/>
        <line num="124" count="5" type="stmt"/>
      </file>
      <file name="csv.ts" path="C:\Users\nelar\work\flashcards\src\lib\csv.ts">
        <metrics statements="11" coveredstatements="11" conditionals="6" coveredconditionals="6" methods="1" coveredmethods="1"/>
        <line num="15" count="10" type="stmt"/>
        <line num="16" count="10" type="stmt"/>
        <line num="17" count="21" type="stmt"/>
        <line num="18" count="21" type="cond" truecount="2" falsecount="0"/>
        <line num="20" count="14" type="stmt"/>
        <line num="21" count="14" type="cond" truecount="2" falsecount="0"/>
        <line num="23" count="13" type="stmt"/>
        <line num="24" count="13" type="stmt"/>
        <line num="25" count="13" type="cond" truecount="2" falsecount="0"/>
        <line num="27" count="12" type="stmt"/>
        <line num="29" count="10" type="stmt"/>
      </file>
    </package>
  </project>
</coverage>
