{"C:\\Users\\nelar\\work\\flashcards\\src\\components\\Button.tsx": {"path":"C:\\Users\\nelar\\work\\flashcards\\src\\components\\Button.tsx","statementMap":{"0":{"start":{"line":27,"column":22},"end":{"line":27,"column":45}},"1":{"start":{"line":28,"column":13},"end":{"line":28,"column":105}},"2":{"start":{"line":29,"column":13},"end":{"line":29,"column":59}},"3":{"start":{"line":31,"column":2},"end":{"line":50,"column":4}},"4":{"start":{"line":35,"column":30},"end":{"line":42,"column":7}},"5":{"start":{"line":53,"column":15},"end":{"line":76,"column":2}}},"fnMap":{"0":{"name":"Button","decl":{"start":{"line":18,"column":16},"end":{"line":18,"column":22}},"loc":{"start":{"line":26,"column":16},"end":{"line":51,"column":1}},"line":26},"1":{"name":"(anonymous_1)","decl":{"start":{"line":35,"column":13},"end":{"line":35,"column":14}},"loc":{"start":{"line":35,"column":30},"end":{"line":42,"column":7}},"line":35}},"branchMap":{"0":{"loc":{"start":{"line":21,"column":2},"end":{"line":21,"column":21}},"type":"default-arg","locations":[{"start":{"line":21,"column":12},"end":{"line":21,"column":21}}],"line":21},"1":{"loc":{"start":{"line":28,"column":13},"end":{"line":28,"column":105}},"type":"binary-expr","locations":[{"start":{"line":28,"column":13},"end":{"line":28,"column":18}},{"start":{"line":28,"column":23},"end":{"line":28,"column":104}}],"line":28},"2":{"loc":{"start":{"line":28,"column":23},"end":{"line":28,"column":104}},"type":"cond-expr","locations":[{"start":{"line":28,"column":46},"end":{"line":28,"column":59}},{"start":{"line":28,"column":62},"end":{"line":28,"column":104}}],"line":28},"3":{"loc":{"start":{"line":28,"column":62},"end":{"line":28,"column":104}},"type":"cond-expr","locations":[{"start":{"line":28,"column":76},"end":{"line":28,"column":87}},{"start":{"line":28,"column":90},"end":{"line":28,"column":104}}],"line":28},"4":{"loc":{"start":{"line":29,"column":13},"end":{"line":29,"column":59}},"type":"cond-expr","locations":[{"start":{"line":29,"column":27},"end":{"line":29,"column":38}},{"start":{"line":29,"column":41},"end":{"line":29,"column":59}}],"line":29},"5":{"loc":{"start":{"line":34,"column":16},"end":{"line":34,"column":35}},"type":"binary-expr","locations":[{"start":{"line":34,"column":16},"end":{"line":34,"column":24}},{"start":{"line":34,"column":28},"end":{"line":34,"column":35}}],"line":34},"6":{"loc":{"start":{"line":38,"column":8},"end":{"line":38,"column":45}},"type":"binary-expr","locations":[{"start":{"line":38,"column":8},"end":{"line":38,"column":19}},{"start":{"line":38,"column":23},"end":{"line":38,"column":45}}],"line":38},"7":{"loc":{"start":{"line":39,"column":8},"end":{"line":39,"column":48}},"type":"binary-expr","locations":[{"start":{"line":39,"column":9},"end":{"line":39,"column":17}},{"start":{"line":39,"column":21},"end":{"line":39,"column":28}},{"start":{"line":39,"column":33},"end":{"line":39,"column":48}}],"line":39},"8":{"loc":{"start":{"line":40,"column":8},"end":{"line":40,"column":33}},"type":"binary-expr","locations":[{"start":{"line":40,"column":8},"end":{"line":40,"column":15}},{"start":{"line":40,"column":19},"end":{"line":40,"column":33}}],"line":40},"9":{"loc":{"start":{"line":44,"column":7},"end":{"line":48,"column":7}},"type":"cond-expr","locations":[{"start":{"line":45,"column":8},"end":{"line":45,"column":40}},{"start":{"line":47,"column":8},"end":{"line":47,"column":66}}],"line":44}},"s":{"0":28,"1":28,"2":28,"3":28,"4":28,"5":2},"f":{"0":28,"1":28},"b":{"0":[12],"1":[28,28],"2":[0,28],"3":[16,12],"4":[16,12],"5":[28,20],"6":[28,16],"7":[28,20,9],"8":[28,0],"9":[1,27]},"_coverageSchema":"1a1c01bbd47fc00a2c39e90264f33305004495a9","hash":"7d37ae4735a7a354c402be339ff03e9e9912e3ed"}
,"C:\\Users\\nelar\\work\\flashcards\\src\\components\\SpeakerButton.tsx": {"path":"C:\\Users\\nelar\\work\\flashcards\\src\\components\\SpeakerButton.tsx","statementMap":{"0":{"start":{"line":20,"column":4},"end":{"line":25,"column":5}},"1":{"start":{"line":21,"column":6},"end":{"line":21,"column":26}},"2":{"start":{"line":22,"column":6},"end":{"line":22,"column":39}},"3":{"start":{"line":28,"column":2},"end":{"line":38,"column":4}},"4":{"start":{"line":34,"column":30},"end":{"line":34,"column":79}},"5":{"start":{"line":41,"column":15},"end":{"line":55,"column":2}}},"fnMap":{"0":{"name":"SpeakerButton","decl":{"start":{"line":18,"column":16},"end":{"line":18,"column":29}},"loc":{"start":{"line":18,"column":64},"end":{"line":39,"column":1}},"line":18},"1":{"name":"speak","decl":{"start":{"line":19,"column":17},"end":{"line":19,"column":22}},"loc":{"start":{"line":19,"column":25},"end":{"line":26,"column":3}},"line":19},"2":{"name":"(anonymous_2)","decl":{"start":{"line":34,"column":13},"end":{"line":34,"column":14}},"loc":{"start":{"line":34,"column":30},"end":{"line":34,"column":79}},"line":34}},"branchMap":{"0":{"loc":{"start":{"line":34,"column":46},"end":{"line":34,"column":71}},"type":"binary-expr","locations":[{"start":{"line":34,"column":46},"end":{"line":34,"column":53}},{"start":{"line":34,"column":57},"end":{"line":34,"column":71}}],"line":34}},"s":{"0":2,"1":2,"2":1,"3":2,"4":2,"5":1},"f":{"0":2,"1":2,"2":2},"b":{"0":[2,0]},"_coverageSchema":"1a1c01bbd47fc00a2c39e90264f33305004495a9","hash":"c02960038c0735dbf827860a54fd81423e19e705"}
,"C:\\Users\\nelar\\work\\flashcards\\src\\db\\cards.ts": {"path":"C:\\Users\\nelar\\work\\flashcards\\src\\db\\cards.ts","statementMap":{"0":{"start":{"line":19,"column":15},"end":{"line":19,"column":34}},"1":{"start":{"line":20,"column":16},"end":{"line":20,"column":26}},"2":{"start":{"line":24,"column":2},"end":{"line":33,"column":3}},"3":{"start":{"line":26,"column":6},"end":{"line":26,"column":17}},"4":{"start":{"line":28,"column":6},"end":{"line":28,"column":26}},"5":{"start":{"line":30,"column":6},"end":{"line":30,"column":30}},"6":{"start":{"line":32,"column":6},"end":{"line":32,"column":27}},"7":{"start":{"line":37,"column":13},"end":{"line":37,"column":26}},"8":{"start":{"line":38,"column":2},"end":{"line":41,"column":4}},"9":{"start":{"line":45,"column":13},"end":{"line":45,"column":26}},"10":{"start":{"line":46,"column":2},"end":{"line":46,"column":72}},"11":{"start":{"line":50,"column":13},"end":{"line":50,"column":26}},"12":{"start":{"line":51,"column":17},"end":{"line":57,"column":3}},"13":{"start":{"line":58,"column":2},"end":{"line":58,"column":32}},"14":{"start":{"line":62,"column":13},"end":{"line":62,"column":26}},"15":{"start":{"line":63,"column":2},"end":{"line":68,"column":4}},"16":{"start":{"line":72,"column":13},"end":{"line":72,"column":26}},"17":{"start":{"line":73,"column":2},"end":{"line":73,"column":58}},"18":{"start":{"line":78,"column":13},"end":{"line":78,"column":26}},"19":{"start":{"line":79,"column":14},"end":{"line":83,"column":3}},"20":{"start":{"line":84,"column":2},"end":{"line":84,"column":21}},"21":{"start":{"line":89,"column":13},"end":{"line":89,"column":26}},"22":{"start":{"line":90,"column":2},"end":{"line":95,"column":4}},"23":{"start":{"line":100,"column":13},"end":{"line":100,"column":26}},"24":{"start":{"line":101,"column":2},"end":{"line":101,"column":98}},"25":{"start":{"line":106,"column":2},"end":{"line":106,"column":35}},"26":{"start":{"line":106,"column":28},"end":{"line":106,"column":35}},"27":{"start":{"line":107,"column":13},"end":{"line":107,"column":26}},"28":{"start":{"line":108,"column":2},"end":{"line":112,"column":5}},"29":{"start":{"line":109,"column":4},"end":{"line":111,"column":5}},"30":{"start":{"line":110,"column":6},"end":{"line":110,"column":87}},"31":{"start":{"line":120,"column":2},"end":{"line":120,"column":34}},"32":{"start":{"line":120,"column":25},"end":{"line":120,"column":34}},"33":{"start":{"line":121,"column":13},"end":{"line":121,"column":26}},"34":{"start":{"line":122,"column":14},"end":{"line":122,"column":24}},"35":{"start":{"line":123,"column":2},"end":{"line":133,"column":5}},"36":{"start":{"line":124,"column":4},"end":{"line":132,"column":5}},"37":{"start":{"line":125,"column":6},"end":{"line":131,"column":8}},"38":{"start":{"line":134,"column":2},"end":{"line":134,"column":21}}},"fnMap":{"0":{"name":"nextDueAt","decl":{"start":{"line":23,"column":16},"end":{"line":23,"column":25}},"loc":{"start":{"line":23,"column":72},"end":{"line":34,"column":1}},"line":23},"1":{"name":"listCards","decl":{"start":{"line":36,"column":22},"end":{"line":36,"column":31}},"loc":{"start":{"line":36,"column":65},"end":{"line":42,"column":1}},"line":36},"2":{"name":"getCard","decl":{"start":{"line":44,"column":22},"end":{"line":44,"column":29}},"loc":{"start":{"line":44,"column":64},"end":{"line":47,"column":1}},"line":44},"3":{"name":"addCard","decl":{"start":{"line":49,"column":22},"end":{"line":49,"column":29}},"loc":{"start":{"line":49,"column":92},"end":{"line":59,"column":1}},"line":49},"4":{"name":"editCard","decl":{"start":{"line":61,"column":22},"end":{"line":61,"column":30}},"loc":{"start":{"line":61,"column":87},"end":{"line":69,"column":1}},"line":61},"5":{"name":"deleteCard","decl":{"start":{"line":71,"column":22},"end":{"line":71,"column":32}},"loc":{"start":{"line":71,"column":60},"end":{"line":74,"column":1}},"line":71},"6":{"name":"countDue","decl":{"start":{"line":77,"column":22},"end":{"line":77,"column":30}},"loc":{"start":{"line":77,"column":64},"end":{"line":85,"column":1}},"line":77},"7":{"name":"getDueCards","decl":{"start":{"line":88,"column":22},"end":{"line":88,"column":33}},"loc":{"start":{"line":88,"column":82},"end":{"line":96,"column":1}},"line":88},"8":{"name":"rateCard","decl":{"start":{"line":99,"column":22},"end":{"line":99,"column":30}},"loc":{"start":{"line":99,"column":83},"end":{"line":102,"column":1}},"line":99},"9":{"name":"moveCards","decl":{"start":{"line":105,"column":22},"end":{"line":105,"column":31}},"loc":{"start":{"line":105,"column":88},"end":{"line":113,"column":1}},"line":105},"10":{"name":"(anonymous_10)","decl":{"start":{"line":108,"column":32},"end":{"line":108,"column":33}},"loc":{"start":{"line":108,"column":44},"end":{"line":112,"column":3}},"line":108},"11":{"name":"importCards","decl":{"start":{"line":116,"column":22},"end":{"line":116,"column":33}},"loc":{"start":{"line":119,"column":19},"end":{"line":135,"column":1}},"line":119},"12":{"name":"(anonymous_12)","decl":{"start":{"line":123,"column":32},"end":{"line":123,"column":33}},"loc":{"start":{"line":123,"column":44},"end":{"line":133,"column":3}},"line":123}},"branchMap":{"0":{"loc":{"start":{"line":24,"column":2},"end":{"line":33,"column":3}},"type":"switch","locations":[{"start":{"line":25,"column":4},"end":{"line":26,"column":17}},{"start":{"line":27,"column":4},"end":{"line":28,"column":26}},{"start":{"line":29,"column":4},"end":{"line":30,"column":30}},{"start":{"line":31,"column":4},"end":{"line":32,"column":27}}],"line":24},"1":{"loc":{"start":{"line":84,"column":9},"end":{"line":84,"column":20}},"type":"binary-expr","locations":[{"start":{"line":84,"column":9},"end":{"line":84,"column":15}},{"start":{"line":84,"column":19},"end":{"line":84,"column":20}}],"line":84},"2":{"loc":{"start":{"line":106,"column":2},"end":{"line":106,"column":35}},"type":"if","locations":[{"start":{"line":106,"column":2},"end":{"line":106,"column":35}},{"start":{},"end":{}}],"line":106},"3":{"loc":{"start":{"line":120,"column":2},"end":{"line":120,"column":34}},"type":"if","locations":[{"start":{"line":120,"column":2},"end":{"line":120,"column":34}},{"start":{},"end":{}}],"line":120}},"s":{"0":26,"1":26,"2":14,"3":2,"4":4,"5":4,"6":4,"7":8,"8":8,"9":5,"10":5,"11":21,"12":21,"13":21,"14":1,"15":1,"16":1,"17":1,"18":4,"19":4,"20":4,"21":2,"22":2,"23":4,"24":4,"25":2,"26":1,"27":1,"28":1,"29":1,"30":2,"31":2,"32":1,"33":1,"34":1,"35":1,"36":1,"37":2,"38":1},"f":{"0":14,"1":8,"2":5,"3":21,"4":1,"5":1,"6":4,"7":2,"8":4,"9":2,"10":1,"11":2,"12":1},"b":{"0":[2,4,4,4],"1":[4,0],"2":[1,1],"3":[1,1]},"_coverageSchema":"1a1c01bbd47fc00a2c39e90264f33305004495a9","hash":"b723a9f36fb96a61816955feff0e0255fdc67332"}
,"C:\\Users\\nelar\\work\\flashcards\\src\\db\\database.ts": {"path":"C:\\Users\\nelar\\work\\flashcards\\src\\db\\database.ts","statementMap":{"0":{"start":{"line":3,"column":16},"end":{"line":3,"column":31}},"1":{"start":{"line":5,"column":55},"end":{"line":5,"column":59}},"2":{"start":{"line":12,"column":2},"end":{"line":14,"column":3}},"3":{"start":{"line":13,"column":4},"end":{"line":13,"column":33}},"4":{"start":{"line":15,"column":2},"end":{"line":15,"column":19}},"5":{"start":{"line":19,"column":13},"end":{"line":19,"column":52}},"6":{"start":{"line":20,"column":2},"end":{"line":40,"column":5}},"7":{"start":{"line":41,"column":2},"end":{"line":41,"column":12}}},"fnMap":{"0":{"name":"getDb","decl":{"start":{"line":11,"column":16},"end":{"line":11,"column":21}},"loc":{"start":{"line":11,"column":56},"end":{"line":16,"column":1}},"line":11},"1":{"name":"openAndMigrate","decl":{"start":{"line":18,"column":15},"end":{"line":18,"column":29}},"loc":{"start":{"line":18,"column":64},"end":{"line":42,"column":1}},"line":18}},"branchMap":{"0":{"loc":{"start":{"line":12,"column":2},"end":{"line":14,"column":3}},"type":"if","locations":[{"start":{"line":12,"column":2},"end":{"line":14,"column":3}},{"start":{},"end":{}}],"line":12}},"s":{"0":27,"1":27,"2":89,"3":24,"4":89,"5":24,"6":24,"7":24},"f":{"0":89,"1":24},"b":{"0":[24,65]},"_coverageSchema":"1a1c01bbd47fc00a2c39e90264f33305004495a9","hash":"46e9f329defed3f6981b6e71d74fc782da62c137"}
,"C:\\Users\\nelar\\work\\flashcards\\src\\db\\decks.ts": {"path":"C:\\Users\\nelar\\work\\flashcards\\src\\db\\decks.ts","statementMap":{"0":{"start":{"line":17,"column":13},"end":{"line":17,"column":26}},"1":{"start":{"line":18,"column":14},"end":{"line":18,"column":24}},"2":{"start":{"line":19,"column":2},"end":{"line":28,"column":4}},"3":{"start":{"line":32,"column":13},"end":{"line":32,"column":26}},"4":{"start":{"line":33,"column":2},"end":{"line":33,"column":72}},"5":{"start":{"line":37,"column":13},"end":{"line":37,"column":26}},"6":{"start":{"line":38,"column":17},"end":{"line":42,"column":3}},"7":{"start":{"line":43,"column":2},"end":{"line":43,"column":32}},"8":{"start":{"line":47,"column":13},"end":{"line":47,"column":26}},"9":{"start":{"line":48,"column":2},"end":{"line":48,"column":79}},"10":{"start":{"line":52,"column":13},"end":{"line":52,"column":26}},"11":{"start":{"line":54,"column":2},"end":{"line":54,"column":58}}},"fnMap":{"0":{"name":"listDecksWithCounts","decl":{"start":{"line":16,"column":22},"end":{"line":16,"column":41}},"loc":{"start":{"line":16,"column":71},"end":{"line":29,"column":1}},"line":16},"1":{"name":"getDeck","decl":{"start":{"line":31,"column":22},"end":{"line":31,"column":29}},"loc":{"start":{"line":31,"column":64},"end":{"line":34,"column":1}},"line":31},"2":{"name":"createDeck","decl":{"start":{"line":36,"column":22},"end":{"line":36,"column":32}},"loc":{"start":{"line":36,"column":64},"end":{"line":44,"column":1}},"line":36},"3":{"name":"renameDeck","decl":{"start":{"line":46,"column":22},"end":{"line":46,"column":32}},"loc":{"start":{"line":46,"column":74},"end":{"line":49,"column":1}},"line":46},"4":{"name":"deleteDeck","decl":{"start":{"line":51,"column":22},"end":{"line":51,"column":32}},"loc":{"start":{"line":51,"column":60},"end":{"line":55,"column":1}},"line":51}},"branchMap":{},"s":{"0":6,"1":6,"2":6,"3":4,"4":4,"5":23,"6":23,"7":23,"8":1,"9":1,"10":1,"11":1},"f":{"0":6,"1":4,"2":23,"3":1,"4":1},"b":{},"_coverageSchema":"1a1c01bbd47fc00a2c39e90264f33305004495a9","hash":"2667bfa498ed24fd97aa200b83afdc31634d4bcb"}
,"C:\\Users\\nelar\\work\\flashcards\\src\\lib\\backup.ts": {"path":"C:\\Users\\nelar\\work\\flashcards\\src\\lib\\backup.ts","statementMap":{"0":{"start":{"line":13,"column":23},"end":{"line":13,"column":24}},"1":{"start":{"line":39,"column":13},"end":{"line":39,"column":26}},"2":{"start":{"line":40,"column":16},"end":{"line":42,"column":3}},"3":{"start":{"line":44,"column":28},"end":{"line":44,"column":30}},"4":{"start":{"line":45,"column":18},"end":{"line":45,"column":19}},"5":{"start":{"line":46,"column":2},"end":{"line":53,"column":3}},"6":{"start":{"line":47,"column":18},"end":{"line":50,"column":5}},"7":{"start":{"line":51,"column":4},"end":{"line":51,"column":30}},"8":{"start":{"line":52,"column":4},"end":{"line":52,"column":64}},"9":{"start":{"line":55,"column":30},"end":{"line":55,"column":93}},"10":{"start":{"line":57,"column":16},"end":{"line":57,"column":53}},"11":{"start":{"line":58,"column":15},"end":{"line":58,"column":71}},"12":{"start":{"line":59,"column":2},"end":{"line":59,"column":33}},"13":{"start":{"line":59,"column":19},"end":{"line":59,"column":33}},"14":{"start":{"line":60,"column":2},"end":{"line":60,"column":16}},"15":{"start":{"line":61,"column":2},"end":{"line":61,"column":47}},"16":{"start":{"line":63,"column":2},"end":{"line":63,"column":63}},"17":{"start":{"line":68,"column":2},"end":{"line":68,"column":56}},"18":{"start":{"line":68,"column":43},"end":{"line":68,"column":56}},"19":{"start":{"line":69,"column":2},"end":{"line":72,"column":5}},"20":{"start":{"line":73,"column":2},"end":{"line":73,"column":14}},"21":{"start":{"line":83,"column":2},"end":{"line":87,"column":3}},"22":{"start":{"line":84,"column":4},"end":{"line":84,"column":42}},"23":{"start":{"line":86,"column":4},"end":{"line":86,"column":39}},"24":{"start":{"line":88,"column":2},"end":{"line":90,"column":3}},"25":{"start":{"line":89,"column":4},"end":{"line":89,"column":53}},"26":{"start":{"line":92,"column":13},"end":{"line":92,"column":26}},"27":{"start":{"line":93,"column":14},"end":{"line":93,"column":24}},"28":{"start":{"line":94,"column":18},"end":{"line":94,"column":19}},"29":{"start":{"line":95,"column":18},"end":{"line":95,"column":19}},"30":{"start":{"line":97,"column":2},"end":{"line":122,"column":5}},"31":{"start":{"line":98,"column":4},"end":{"line":121,"column":5}},"32":{"start":{"line":99,"column":6},"end":{"line":99,"column":59}},"33":{"start":{"line":99,"column":50},"end":{"line":99,"column":59}},"34":{"start":{"line":100,"column":18},"end":{"line":104,"column":7}},"35":{"start":{"line":105,"column":21},"end":{"line":105,"column":40}},"36":{"start":{"line":106,"column":6},"end":{"line":106,"column":18}},"37":{"start":{"line":108,"column":20},"end":{"line":108,"column":63}},"38":{"start":{"line":109,"column":6},"end":{"line":120,"column":7}},"39":{"start":{"line":110,"column":8},"end":{"line":110,"column":86}},"40":{"start":{"line":110,"column":77},"end":{"line":110,"column":86}},"41":{"start":{"line":111,"column":8},"end":{"line":118,"column":10}},"42":{"start":{"line":119,"column":8},"end":{"line":119,"column":20}},"43":{"start":{"line":124,"column":2},"end":{"line":124,"column":34}}},"fnMap":{"0":{"name":"exportAllToFile","decl":{"start":{"line":38,"column":22},"end":{"line":38,"column":37}},"loc":{"start":{"line":38,"column":81},"end":{"line":64,"column":1}},"line":38},"1":{"name":"shareBackup","decl":{"start":{"line":67,"column":22},"end":{"line":67,"column":33}},"loc":{"start":{"line":67,"column":65},"end":{"line":74,"column":1}},"line":67},"2":{"name":"importFromText","decl":{"start":{"line":81,"column":22},"end":{"line":81,"column":36}},"loc":{"start":{"line":81,"column":74},"end":{"line":125,"column":1}},"line":81},"3":{"name":"(anonymous_3)","decl":{"start":{"line":97,"column":32},"end":{"line":97,"column":33}},"loc":{"start":{"line":97,"column":44},"end":{"line":122,"column":3}},"line":97}},"branchMap":{"0":{"loc":{"start":{"line":59,"column":2},"end":{"line":59,"column":33}},"type":"if","locations":[{"start":{"line":59,"column":2},"end":{"line":59,"column":33}},{"start":{},"end":{}}],"line":59},"1":{"loc":{"start":{"line":68,"column":2},"end":{"line":68,"column":56}},"type":"if","locations":[{"start":{"line":68,"column":2},"end":{"line":68,"column":56}},{"start":{},"end":{}}],"line":68},"2":{"loc":{"start":{"line":88,"column":2},"end":{"line":90,"column":3}},"type":"if","locations":[{"start":{"line":88,"column":2},"end":{"line":90,"column":3}},{"start":{},"end":{}}],"line":88},"3":{"loc":{"start":{"line":88,"column":6},"end":{"line":88,"column":41}},"type":"binary-expr","locations":[{"start":{"line":88,"column":6},"end":{"line":88,"column":11}},{"start":{"line":88,"column":15},"end":{"line":88,"column":41}}],"line":88},"4":{"loc":{"start":{"line":99,"column":6},"end":{"line":99,"column":59}},"type":"if","locations":[{"start":{"line":99,"column":6},"end":{"line":99,"column":59}},{"start":{},"end":{}}],"line":99},"5":{"loc":{"start":{"line":99,"column":10},"end":{"line":99,"column":48}},"type":"binary-expr","locations":[{"start":{"line":99,"column":10},"end":{"line":99,"column":15}},{"start":{"line":99,"column":19},"end":{"line":99,"column":48}}],"line":99},"6":{"loc":{"start":{"line":102,"column":8},"end":{"line":102,"column":43}},"type":"binary-expr","locations":[{"start":{"line":102,"column":8},"end":{"line":102,"column":24}},{"start":{"line":102,"column":28},"end":{"line":102,"column":43}}],"line":102},"7":{"loc":{"start":{"line":103,"column":8},"end":{"line":103,"column":67}},"type":"cond-expr","locations":[{"start":{"line":103,"column":46},"end":{"line":103,"column":61}},{"start":{"line":103,"column":64},"end":{"line":103,"column":67}}],"line":103},"8":{"loc":{"start":{"line":108,"column":20},"end":{"line":108,"column":63}},"type":"cond-expr","locations":[{"start":{"line":108,"column":48},"end":{"line":108,"column":58}},{"start":{"line":108,"column":61},"end":{"line":108,"column":63}}],"line":108},"9":{"loc":{"start":{"line":110,"column":8},"end":{"line":110,"column":86}},"type":"if","locations":[{"start":{"line":110,"column":8},"end":{"line":110,"column":86}},{"start":{},"end":{}}],"line":110},"10":{"loc":{"start":{"line":110,"column":12},"end":{"line":110,"column":75}},"type":"binary-expr","locations":[{"start":{"line":110,"column":12},"end":{"line":110,"column":14}},{"start":{"line":110,"column":18},"end":{"line":110,"column":45}},{"start":{"line":110,"column":49},"end":{"line":110,"column":75}}],"line":110},"11":{"loc":{"start":{"line":116,"column":10},"end":{"line":116,"column":53}},"type":"cond-expr","locations":[{"start":{"line":116,"column":41},"end":{"line":116,"column":49}},{"start":{"line":116,"column":52},"end":{"line":116,"column":53}}],"line":116},"12":{"loc":{"start":{"line":117,"column":10},"end":{"line":117,"column":63}},"type":"cond-expr","locations":[{"start":{"line":117,"column":45},"end":{"line":117,"column":57}},{"start":{"line":117,"column":60},"end":{"line":117,"column":63}}],"line":117}},"s":{"0":8,"1":1,"2":1,"3":1,"4":1,"5":1,"6":2,"7":2,"8":2,"9":1,"10":1,"11":1,"12":1,"13":0,"14":1,"15":1,"16":1,"17":0,"18":0,"19":0,"20":0,"21":8,"22":8,"23":1,"24":7,"25":2,"26":5,"27":5,"28":5,"29":5,"30":5,"31":5,"32":8,"33":2,"34":6,"35":6,"36":6,"37":6,"38":6,"39":8,"40":2,"41":6,"42":6,"43":5},"f":{"0":1,"1":0,"2":8,"3":5},"b":{"0":[0,1],"1":[0,0],"2":[2,5],"3":[7,7],"4":[2,6],"5":[8,7],"6":[6,1],"7":[3,3],"8":[6,0],"9":[2,6],"10":[8,7,7],"11":[4,2],"12":[4,2]},"_coverageSchema":"1a1c01bbd47fc00a2c39e90264f33305004495a9","hash":"83f05bc134b51273dd37ce1b29f83658f2848db3"}
,"C:\\Users\\nelar\\work\\flashcards\\src\\lib\\csv.ts": {"path":"C:\\Users\\nelar\\work\\flashcards\\src\\lib\\csv.ts","statementMap":{"0":{"start":{"line":15,"column":28},"end":{"line":15,"column":30}},"1":{"start":{"line":16,"column":2},"end":{"line":28,"column":3}},"2":{"start":{"line":17,"column":17},"end":{"line":17,"column":31}},"3":{"start":{"line":18,"column":4},"end":{"line":18,"column":30}},"4":{"start":{"line":18,"column":21},"end":{"line":18,"column":30}},"5":{"start":{"line":20,"column":16},"end":{"line":20,"column":33}},"6":{"start":{"line":21,"column":4},"end":{"line":21,"column":29}},"7":{"start":{"line":21,"column":20},"end":{"line":21,"column":29}},"8":{"start":{"line":23,"column":18},"end":{"line":23,"column":43}},"9":{"start":{"line":24,"column":17},"end":{"line":24,"column":43}},"10":{"start":{"line":25,"column":4},"end":{"line":25,"column":31}},"11":{"start":{"line":25,"column":22},"end":{"line":25,"column":31}},"12":{"start":{"line":27,"column":4},"end":{"line":27,"column":31}},"13":{"start":{"line":29,"column":2},"end":{"line":29,"column":14}}},"fnMap":{"0":{"name":"parseSemicolonCsv","decl":{"start":{"line":14,"column":16},"end":{"line":14,"column":33}},"loc":{"start":{"line":14,"column":61},"end":{"line":30,"column":1}},"line":14}},"branchMap":{"0":{"loc":{"start":{"line":18,"column":4},"end":{"line":18,"column":30}},"type":"if","locations":[{"start":{"line":18,"column":4},"end":{"line":18,"column":30}},{"start":{},"end":{}}],"line":18},"1":{"loc":{"start":{"line":21,"column":4},"end":{"line":21,"column":29}},"type":"if","locations":[{"start":{"line":21,"column":4},"end":{"line":21,"column":29}},{"start":{},"end":{}}],"line":21},"2":{"loc":{"start":{"line":25,"column":4},"end":{"line":25,"column":31}},"type":"if","locations":[{"start":{"line":25,"column":4},"end":{"line":25,"column":31}},{"start":{},"end":{}}],"line":25}},"s":{"0":10,"1":10,"2":21,"3":21,"4":7,"5":14,"6":14,"7":1,"8":13,"9":13,"10":13,"11":1,"12":12,"13":10},"f":{"0":10},"b":{"0":[7,14],"1":[1,13],"2":[1,12]},"_coverageSchema":"1a1c01bbd47fc00a2c39e90264f33305004495a9","hash":"fab16ca522cf5902e81e0135ec6a8af5cfff9119"}
}
