TN:
SF:src\components\Button.tsx
FN:18,Button
FN:35,(anonymous_1)
FNF:2
FNH:2
FNDA:28,Button
FNDA:28,(anonymous_1)
DA:27,28
DA:28,28
DA:29,28
DA:31,28
DA:35,28
DA:53,2
LF:6
LH:6
BRDA:21,0,0,12
BRDA:28,1,0,28
BRDA:28,1,1,28
BRDA:28,2,0,0
BRDA:28,2,1,28
BRDA:28,3,0,16
BRDA:28,3,1,12
BRDA:29,4,0,16
BRDA:29,4,1,12
BRDA:34,5,0,28
BRDA:34,5,1,20
BRDA:38,6,0,28
BRDA:38,6,1,16
BRDA:39,7,0,28
BRDA:39,7,1,20
BRDA:39,7,2,9
BRDA:40,8,0,28
BRDA:40,8,1,0
BRDA:44,9,0,1
BRDA:44,9,1,27
BRF:20
BRH:18
end_of_record
TN:
SF:src\components\SpeakerButton.tsx
FN:18,SpeakerButton
FN:19,speak
FN:34,(anonymous_2)
FNF:3
FNH:3
FNDA:2,SpeakerButton
FNDA:2,speak
FNDA:2,(anonymous_2)
DA:20,2
DA:21,2
DA:22,1
DA:28,2
DA:34,2
DA:41,1
LF:6
LH:6
BRDA:34,0,0,2
BRDA:34,0,1,0
BRF:2
BRH:1
end_of_record
TN:
SF:src\db\cards.ts
FN:23,nextDueAt
FN:36,listCards
FN:44,getCard
FN:49,addCard
FN:61,editCard
FN:71,deleteCard
FN:77,countDue
FN:88,getDueCards
FN:99,rateCard
FN:105,moveCards
FN:108,(anonymous_10)
FN:116,importCards
FN:123,(anonymous_12)
FNF:13
FNH:13
FNDA:14,nextDueAt
FNDA:8,listCards
FNDA:5,getCard
FNDA:21,addCard
FNDA:1,editCard
FNDA:1,deleteCard
FNDA:4,countDue
FNDA:2,getDueCards
FNDA:4,rateCard
FNDA:2,moveCards
FNDA:1,(anonymous_10)
FNDA:2,importCards
FNDA:1,(anonymous_12)
DA:19,26
DA:20,26
DA:24,14
DA:26,2
DA:28,4
DA:30,4
DA:32,4
DA:37,8
DA:38,8
DA:45,5
DA:46,5
DA:50,21
DA:51,21
DA:58,21
DA:62,1
DA:63,1
DA:72,1
DA:73,1
DA:78,4
DA:79,4
DA:84,4
DA:89,2
DA:90,2
DA:100,4
DA:101,4
DA:106,2
DA:107,1
DA:108,1
DA:109,1
DA:110,2
DA:120,2
DA:121,1
DA:122,1
DA:123,1
DA:124,1
DA:125,2
DA:134,1
LF:37
LH:37
BRDA:24,0,0,2
BRDA:24,0,1,4
BRDA:24,0,2,4
BRDA:24,0,3,4
BRDA:84,1,0,4
BRDA:84,1,1,0
BRDA:106,2,0,1
BRDA:106,2,1,1
BRDA:120,3,0,1
BRDA:120,3,1,1
BRF:10
BRH:9
end_of_record
TN:
SF:src\db\database.ts
FN:11,getDb
FN:18,openAndMigrate
FNF:2
FNH:2
FNDA:89,getDb
FNDA:24,openAndMigrate
DA:3,27
DA:5,27
DA:12,89
DA:13,24
DA:15,89
DA:19,24
DA:20,24
DA:41,24
LF:8
LH:8
BRDA:12,0,0,24
BRDA:12,0,1,65
BRF:2
BRH:2
end_of_record
TN:
SF:src\db\decks.ts
FN:16,listDecksWithCounts
FN:31,getDeck
FN:36,createDeck
FN:46,renameDeck
FN:51,deleteDeck
FNF:5
FNH:5
FNDA:6,listDecksWithCounts
FNDA:4,getDeck
FNDA:23,createDeck
FNDA:1,renameDeck
FNDA:1,deleteDeck
DA:17,6
DA:18,6
DA:19,6
DA:32,4
DA:33,4
DA:37,23
DA:38,23
DA:43,23
DA:47,1
DA:48,1
DA:52,1
DA:54,1
LF:12
LH:12
BRF:0
BRH:0
end_of_record
TN:
SF:src\lib\backup.ts
FN:38,exportAllToFile
FN:67,shareBackup
FN:81,importFromText
FN:97,(anonymous_3)
FNF:4
FNH:3
FNDA:1,exportAllToFile
FNDA:0,shareBackup
FNDA:8,importFromText
FNDA:5,(anonymous_3)
DA:13,8
DA:39,1
DA:40,1
DA:44,1
DA:45,1
DA:46,1
DA:47,2
DA:51,2
DA:52,2
DA:55,1
DA:57,1
DA:58,1
DA:59,1
DA:60,1
DA:61,1
DA:63,1
DA:68,0
DA:69,0
DA:73,0
DA:83,8
DA:84,8
DA:86,1
DA:88,7
DA:89,2
DA:92,5
DA:93,5
DA:94,5
DA:95,5
DA:97,5
DA:98,5
DA:99,8
DA:100,6
DA:105,6
DA:106,6
DA:108,6
DA:109,6
DA:110,8
DA:111,6
DA:119,6
DA:124,5
LF:40
LH:37
BRDA:59,0,0,0
BRDA:59,0,1,1
BRDA:68,1,0,0
BRDA:68,1,1,0
BRDA:88,2,0,2
BRDA:88,2,1,5
BRDA:88,3,0,7
BRDA:88,3,1,7
BRDA:99,4,0,2
BRDA:99,4,1,6
BRDA:99,5,0,8
BRDA:99,5,1,7
BRDA:102,6,0,6
BRDA:102,6,1,1
BRDA:103,7,0,3
BRDA:103,7,1,3
BRDA:108,8,0,6
BRDA:108,8,1,0
BRDA:110,9,0,2
BRDA:110,9,1,6
BRDA:110,10,0,8
BRDA:110,10,1,7
BRDA:110,10,2,7
BRDA:116,11,0,4
BRDA:116,11,1,2
BRDA:117,12,0,4
BRDA:117,12,1,2
BRF:27
BRH:23
end_of_record
TN:
SF:src\lib\csv.ts
FN:14,parseSemicolonCsv
FNF:1
FNH:1
FNDA:10,parseSemicolonCsv
DA:15,10
DA:16,10
DA:17,21
DA:18,21
DA:20,14
DA:21,14
DA:23,13
DA:24,13
DA:25,13
DA:27,12
DA:29,10
LF:11
LH:11
BRDA:18,0,0,7
BRDA:18,0,1,14
BRDA:21,1,0,1
BRDA:21,1,1,13
BRDA:25,2,0,1
BRDA:25,2,1,12
BRF:6
BRH:6
end_of_record
